TN:
SF:./public/js/app.js
FNF:0
FNH:0
DA:1,1
LF:1
LH:1
BRF:0
BRH:0
end_of_record
TN:
SF:./public/js/controllers/panelController.js
FN:1,(anonymous_1)
FN:7,(anonymous_2)
FN:11,(anonymous_3)
FNF:3
FNH:3
FNDA:4,(anonymous_1)
FNDA:1,(anonymous_2)
FNDA:2,(anonymous_3)
DA:1,1
DA:3,4
DA:5,4
DA:7,4
DA:8,1
DA:11,4
DA:12,2
LF:7
LH:7
BRF:0
BRH:0
end_of_record
TN:
SF:./public/js/controllers/toDoListController.js
FN:1,(anonymous_1)
FN:7,(anonymous_2)
FN:13,(anonymous_3)
FN:18,(anonymous_4)
FN:22,(anonymous_5)
FNF:5
FNH:4
FNDA:9,(anonymous_1)
FNDA:1,(anonymous_2)
FNDA:1,(anonymous_3)
FNDA:0,(anonymous_4)
FNDA:2,(anonymous_5)
DA:1,1
DA:3,9
DA:5,9
DA:7,9
DA:8,1
DA:9,1
DA:10,1
DA:13,9
DA:14,1
DA:15,1
DA:18,9
DA:19,0
DA:22,9
DA:23,2
DA:24,1
LF:15
LH:14
BRDA:23,1,0,1
BRDA:23,1,1,1
BRF:2
BRH:2
end_of_record
TN:
SF:./public/js/directives/panelDirectives.js
FN:1,(anonymous_1)
FN:8,(anonymous_2)
FN:15,(anonymous_3)
FNF:3
FNH:0
FNDA:0,(anonymous_1)
FNDA:0,(anonymous_2)
FNDA:0,(anonymous_3)
DA:1,1
DA:2,0
DA:8,1
DA:9,0
DA:15,1
DA:16,0
LF:6
LH:3
BRF:0
BRH:0
end_of_record
TN:
SF:./public/js/services/tasks.js
FN:1,(anonymous_1)
FNF:1
FNH:1
FNDA:9,(anonymous_1)
DA:1,1
DA:2,9
DA:9,9
LF:3
LH:3
BRF:0
BRH:0
end_of_record
